<?xml version="1.0" encoding="UTF-8"?>
<coverage generated="1533007364863" clover="3.2.0">
  <project timestamp="1533007364864" name="All files">
    <metrics statements="77" coveredstatements="63" conditionals="6" coveredconditionals="3" methods="15" coveredmethods="8" elements="98" coveredelements="74" complexity="0" loc="77" ncloc="77" packages="1" files="2" classes="2">
      <file name="albumModal.jsx" path="/Users/ringosanchez/Desktop/musicPlayerService/client/src/components/albumModal.jsx">
        <metrics statements="6" coveredstatements="1" conditionals="0" coveredconditionals="0" methods="4" coveredmethods="0"/>
        <line num="4" count="1" type="stmt"/>
        <line num="8" count="0" type="stmt"/>
        <line num="9" count="0" type="stmt"/>
        <line num="13" count="0" type="stmt"/>
        <line num="17" count="0" type="stmt"/>
        <line num="21" count="0" type="stmt"/>
      </file>
      <file name="musicPlayer.jsx" path="/Users/ringosanchez/Desktop/musicPlayerService/client/src/components/musicPlayer.jsx">
        <metrics statements="71" coveredstatements="62" conditionals="6" coveredconditionals="3" methods="11" coveredmethods="8"/>
        <line num="7" count="1" type="stmt"/>
        <line num="22" count="1" type="stmt"/>
        <line num="24" count="1" type="stmt"/>
        <line num="30" count="1" type="stmt"/>
        <line num="32" count="1" type="stmt"/>
        <line num="40" count="1" type="stmt"/>
        <line num="42" count="1" type="stmt"/>
        <line num="55" count="1" type="stmt"/>
        <line num="57" count="1" type="stmt"/>
        <line num="64" count="1" type="stmt"/>
        <line num="66" count="1" type="stmt"/>
        <line num="70" count="1" type="stmt"/>
        <line num="72" count="1" type="stmt"/>
        <line num="77" count="1" type="stmt"/>
        <line num="79" count="1" type="stmt"/>
        <line num="84" count="1" type="stmt"/>
        <line num="86" count="1" type="stmt"/>
        <line num="92" count="1" type="stmt"/>
        <line num="94" count="1" type="stmt"/>
        <line num="106" count="1" type="stmt"/>
        <line num="108" count="1" type="stmt"/>
        <line num="115" count="1" type="stmt"/>
        <line num="117" count="1" type="stmt"/>
        <line num="122" count="1" type="stmt"/>
        <line num="124" count="1" type="stmt"/>
        <line num="129" count="1" type="stmt"/>
        <line num="131" count="1" type="stmt"/>
        <line num="144" count="1" type="stmt"/>
        <line num="148" count="1" type="stmt"/>
        <line num="150" count="1" type="stmt"/>
        <line num="157" count="1" type="stmt"/>
        <line num="159" count="1" type="stmt"/>
        <line num="173" count="1" type="stmt"/>
        <line num="175" count="1" type="stmt"/>
        <line num="190" count="1" type="stmt"/>
        <line num="192" count="1" type="stmt"/>
        <line num="200" count="1" type="stmt"/>
        <line num="202" count="1" type="stmt"/>
        <line num="234" count="1" type="stmt"/>
        <line num="236" count="1" type="stmt"/>
        <line num="241" count="1" type="stmt"/>
        <line num="243" count="1" type="stmt"/>
        <line num="249" count="1" type="stmt"/>
        <line num="251" count="1" type="stmt"/>
        <line num="257" count="1" type="stmt"/>
        <line num="259" count="1" type="stmt"/>
        <line num="270" count="1" type="stmt"/>
        <line num="274" count="11" type="stmt"/>
        <line num="275" count="11" type="stmt"/>
        <line num="281" count="11" type="stmt"/>
        <line num="282" count="11" type="stmt"/>
        <line num="283" count="11" type="stmt"/>
        <line num="287" count="11" type="stmt"/>
        <line num="292" count="11" type="stmt"/>
        <line num="293" count="0" type="stmt"/>
        <line num="294" count="0" type="stmt"/>
        <line num="295" count="0" type="stmt"/>
        <line num="301" count="0" type="stmt"/>
        <line num="302" count="0" type="cond" truecount="0" falsecount="2"/>
        <line num="303" count="0" type="stmt"/>
        <line num="305" count="0" type="stmt"/>
        <line num="311" count="1" type="stmt"/>
        <line num="316" count="1" type="stmt"/>
        <line num="321" count="1" type="stmt"/>
        <line num="325" count="1" type="stmt"/>
        <line num="329" count="0" type="stmt"/>
        <line num="333" count="12" type="cond" truecount="2" falsecount="0"/>
        <line num="347" count="12" type="cond" truecount="1" falsecount="1"/>
        <line num="348" count="12" type="stmt"/>
        <line num="350" count="0" type="stmt"/>
        <line num="352" count="12" type="stmt"/>
      </file>
    </metrics>
  </project>
</coverage>
