{"/Users/ringosanchez/Desktop/musicPlayerService/client/src/components/albumModal.jsx": {"path":"/Users/ringosanchez/Desktop/musicPlayerService/client/src/components/albumModal.jsx","statementMap":{"0":{"start":{"line":4,"column":19},"end":{"line":4,"column":56}},"1":{"start":{"line":8,"column":4},"end":{"line":8,"column":17}},"2":{"start":{"line":9,"column":4},"end":{"line":9,"column":44}},"3":{"start":{"line":13,"column":4},"end":{"line":13,"column":36}},"4":{"start":{"line":17,"column":4},"end":{"line":17,"column":36}},"5":{"start":{"line":21,"column":4},"end":{"line":24,"column":6}}},"fnMap":{"0":{"name":"(anonymous_0)","decl":{"start":{"line":7,"column":2},"end":{"line":7,"column":3}},"loc":{"start":{"line":7,"column":22},"end":{"line":10,"column":3}},"line":7},"1":{"name":"(anonymous_1)","decl":{"start":{"line":12,"column":2},"end":{"line":12,"column":3}},"loc":{"start":{"line":12,"column":23},"end":{"line":14,"column":3}},"line":12},"2":{"name":"(anonymous_2)","decl":{"start":{"line":16,"column":2},"end":{"line":16,"column":3}},"loc":{"start":{"line":16,"column":26},"end":{"line":18,"column":3}},"line":16},"3":{"name":"(anonymous_3)","decl":{"start":{"line":20,"column":2},"end":{"line":20,"column":3}},"loc":{"start":{"line":20,"column":12},"end":{"line":25,"column":3}},"line":20}},"branchMap":{},"s":{"0":1,"1":0,"2":0,"3":0,"4":0,"5":0},"f":{"0":0,"1":0,"2":0,"3":0},"b":{},"_coverageSchema":"332fd63041d2c1bcb487cc26dd0d5f7d97098a6c","hash":"8ae37b98e1525cf68cf5d60c31ef95fe78fdaf99"}
,"/Users/ringosanchez/Desktop/musicPlayerService/client/src/components/musicPlayer.jsx": {"path":"/Users/ringosanchez/Desktop/musicPlayerService/client/src/components/musicPlayer.jsx","statementMap":{"0":{"start":{"line":7,"column":29},"end":{"line":20,"column":1}},"1":{"start":{"line":22,"column":0},"end":{"line":22,"column":58}},"2":{"start":{"line":24,"column":29},"end":{"line":28,"column":1}},"3":{"start":{"line":30,"column":0},"end":{"line":30,"column":58}},"4":{"start":{"line":32,"column":29},"end":{"line":38,"column":1}},"5":{"start":{"line":40,"column":0},"end":{"line":40,"column":58}},"6":{"start":{"line":42,"column":28},"end":{"line":53,"column":1}},"7":{"start":{"line":55,"column":0},"end":{"line":55,"column":55}},"8":{"start":{"line":57,"column":19},"end":{"line":62,"column":1}},"9":{"start":{"line":64,"column":0},"end":{"line":64,"column":38}},"10":{"start":{"line":66,"column":24},"end":{"line":68,"column":1}},"11":{"start":{"line":70,"column":0},"end":{"line":70,"column":48}},"12":{"start":{"line":72,"column":23},"end":{"line":75,"column":1}},"13":{"start":{"line":77,"column":0},"end":{"line":77,"column":44}},"14":{"start":{"line":79,"column":23},"end":{"line":82,"column":1}},"15":{"start":{"line":84,"column":0},"end":{"line":84,"column":44}},"16":{"start":{"line":86,"column":26},"end":{"line":90,"column":1}},"17":{"start":{"line":92,"column":0},"end":{"line":92,"column":52}},"18":{"start":{"line":94,"column":24},"end":{"line":104,"column":1}},"19":{"start":{"line":106,"column":0},"end":{"line":106,"column":48}},"20":{"start":{"line":108,"column":30},"end":{"line":113,"column":1}},"21":{"start":{"line":115,"column":0},"end":{"line":115,"column":60}},"22":{"start":{"line":117,"column":18},"end":{"line":120,"column":1}},"23":{"start":{"line":122,"column":0},"end":{"line":122,"column":36}},"24":{"start":{"line":124,"column":23},"end":{"line":127,"column":1}},"25":{"start":{"line":129,"column":0},"end":{"line":129,"column":46}},"26":{"start":{"line":131,"column":26},"end":{"line":142,"column":1}},"27":{"start":{"line":144,"column":23},"end":{"line":146,"column":1}},"28":{"start":{"line":148,"column":0},"end":{"line":148,"column":46}},"29":{"start":{"line":150,"column":24},"end":{"line":155,"column":1}},"30":{"start":{"line":157,"column":0},"end":{"line":157,"column":47}},"31":{"start":{"line":159,"column":15},"end":{"line":171,"column":1}},"32":{"start":{"line":173,"column":0},"end":{"line":173,"column":30}},"33":{"start":{"line":175,"column":14},"end":{"line":188,"column":1}},"34":{"start":{"line":190,"column":0},"end":{"line":190,"column":27}},"35":{"start":{"line":192,"column":19},"end":{"line":198,"column":1}},"36":{"start":{"line":200,"column":0},"end":{"line":200,"column":37}},"37":{"start":{"line":202,"column":14},"end":{"line":232,"column":1}},"38":{"start":{"line":234,"column":0},"end":{"line":234,"column":28}},"39":{"start":{"line":236,"column":17},"end":{"line":239,"column":1}},"40":{"start":{"line":241,"column":0},"end":{"line":241,"column":34}},"41":{"start":{"line":243,"column":22},"end":{"line":247,"column":1}},"42":{"start":{"line":249,"column":0},"end":{"line":249,"column":44}},"43":{"start":{"line":251,"column":23},"end":{"line":255,"column":1}},"44":{"start":{"line":257,"column":0},"end":{"line":257,"column":45}},"45":{"start":{"line":259,"column":14},"end":{"line":268,"column":1}},"46":{"start":{"line":270,"column":0},"end":{"line":270,"column":28}},"47":{"start":{"line":274,"column":4},"end":{"line":274,"column":17}},"48":{"start":{"line":275,"column":4},"end":{"line":280,"column":6}},"49":{"start":{"line":281,"column":4},"end":{"line":281,"column":63}},"50":{"start":{"line":282,"column":4},"end":{"line":282,"column":69}},"51":{"start":{"line":283,"column":4},"end":{"line":283,"column":61}},"52":{"start":{"line":287,"column":4},"end":{"line":287,"column":47}},"53":{"start":{"line":292,"column":4},"end":{"line":296,"column":7}},"54":{"start":{"line":293,"column":6},"end":{"line":293,"column":47}},"55":{"start":{"line":294,"column":6},"end":{"line":294,"column":56}},"56":{"start":{"line":295,"column":6},"end":{"line":295,"column":126}},"57":{"start":{"line":301,"column":4},"end":{"line":301,"column":46}},"58":{"start":{"line":302,"column":4},"end":{"line":306,"column":5}},"59":{"start":{"line":303,"column":6},"end":{"line":303,"column":24}},"60":{"start":{"line":305,"column":6},"end":{"line":305,"column":25}},"61":{"start":{"line":311,"column":4},"end":{"line":311,"column":79}},"62":{"start":{"line":316,"column":4},"end":{"line":316,"column":78}},"63":{"start":{"line":321,"column":4},"end":{"line":321,"column":77}},"64":{"start":{"line":325,"column":4},"end":{"line":325,"column":39}},"65":{"start":{"line":329,"column":4},"end":{"line":329,"column":40}},"66":{"start":{"line":333,"column":18},"end":{"line":344,"column":12}},"67":{"start":{"line":347,"column":4},"end":{"line":351,"column":5}},"68":{"start":{"line":348,"column":6},"end":{"line":348,"column":85}},"69":{"start":{"line":350,"column":6},"end":{"line":350,"column":86}},"70":{"start":{"line":352,"column":4},"end":{"line":390,"column":6}}},"fnMap":{"0":{"name":"(anonymous_0)","decl":{"start":{"line":273,"column":2},"end":{"line":273,"column":3}},"loc":{"start":{"line":273,"column":22},"end":{"line":284,"column":3}},"line":273},"1":{"name":"(anonymous_1)","decl":{"start":{"line":286,"column":2},"end":{"line":286,"column":3}},"loc":{"start":{"line":286,"column":23},"end":{"line":288,"column":3}},"line":286},"2":{"name":"(anonymous_2)","decl":{"start":{"line":290,"column":2},"end":{"line":290,"column":3}},"loc":{"start":{"line":290,"column":23},"end":{"line":297,"column":3}},"line":290},"3":{"name":"(anonymous_3)","decl":{"start":{"line":292,"column":40},"end":{"line":292,"column":41}},"loc":{"start":{"line":292,"column":50},"end":{"line":296,"column":5}},"line":292},"4":{"name":"(anonymous_4)","decl":{"start":{"line":299,"column":2},"end":{"line":299,"column":3}},"loc":{"start":{"line":299,"column":23},"end":{"line":307,"column":3}},"line":299},"5":{"name":"(anonymous_5)","decl":{"start":{"line":309,"column":2},"end":{"line":309,"column":3}},"loc":{"start":{"line":309,"column":24},"end":{"line":312,"column":3}},"line":309},"6":{"name":"(anonymous_6)","decl":{"start":{"line":314,"column":2},"end":{"line":314,"column":3}},"loc":{"start":{"line":314,"column":23},"end":{"line":317,"column":3}},"line":314},"7":{"name":"(anonymous_7)","decl":{"start":{"line":319,"column":2},"end":{"line":319,"column":3}},"loc":{"start":{"line":319,"column":23},"end":{"line":322,"column":3}},"line":319},"8":{"name":"(anonymous_8)","decl":{"start":{"line":324,"column":2},"end":{"line":324,"column":3}},"loc":{"start":{"line":324,"column":26},"end":{"line":326,"column":3}},"line":324},"9":{"name":"(anonymous_9)","decl":{"start":{"line":328,"column":2},"end":{"line":328,"column":3}},"loc":{"start":{"line":328,"column":22},"end":{"line":330,"column":3}},"line":328},"10":{"name":"(anonymous_10)","decl":{"start":{"line":332,"column":2},"end":{"line":332,"column":3}},"loc":{"start":{"line":332,"column":12},"end":{"line":391,"column":3}},"line":332}},"branchMap":{"0":{"loc":{"start":{"line":302,"column":4},"end":{"line":306,"column":5}},"type":"if","locations":[{"start":{"line":302,"column":4},"end":{"line":306,"column":5}},{"start":{"line":302,"column":4},"end":{"line":306,"column":5}}],"line":302},"1":{"loc":{"start":{"line":333,"column":18},"end":{"line":344,"column":12}},"type":"cond-expr","locations":[{"start":{"line":334,"column":6},"end":{"line":343,"column":19}},{"start":{"line":344,"column":8},"end":{"line":344,"column":12}}],"line":333},"2":{"loc":{"start":{"line":347,"column":4},"end":{"line":351,"column":5}},"type":"if","locations":[{"start":{"line":347,"column":4},"end":{"line":351,"column":5}},{"start":{"line":347,"column":4},"end":{"line":351,"column":5}}],"line":347}},"s":{"0":1,"1":1,"2":1,"3":1,"4":1,"5":1,"6":1,"7":1,"8":1,"9":1,"10":1,"11":1,"12":1,"13":1,"14":1,"15":1,"16":1,"17":1,"18":1,"19":1,"20":1,"21":1,"22":1,"23":1,"24":1,"25":1,"26":1,"27":1,"28":1,"29":1,"30":1,"31":1,"32":1,"33":1,"34":1,"35":1,"36":1,"37":1,"38":1,"39":1,"40":1,"41":1,"42":1,"43":1,"44":1,"45":1,"46":1,"47":11,"48":11,"49":11,"50":11,"51":11,"52":11,"53":11,"54":0,"55":0,"56":0,"57":0,"58":0,"59":0,"60":0,"61":1,"62":1,"63":1,"64":1,"65":0,"66":12,"67":12,"68":12,"69":0,"70":12},"f":{"0":11,"1":11,"2":11,"3":0,"4":0,"5":1,"6":1,"7":1,"8":1,"9":0,"10":12},"b":{"0":[0,0],"1":[1,11],"2":[12,0]},"_coverageSchema":"332fd63041d2c1bcb487cc26dd0d5f7d97098a6c","hash":"495224af95b3c37b3807307777933d7fa2ab2e1a"}
}
