TN:
SF:/Users/ringosanchez/Desktop/musicPlayerService/client/src/components/albumModal.jsx
FN:7,(anonymous_0)
FN:12,(anonymous_1)
FN:16,(anonymous_2)
FN:20,(anonymous_3)
FNF:4
FNH:0
FNDA:0,(anonymous_0)
FNDA:0,(anonymous_1)
FNDA:0,(anonymous_2)
FNDA:0,(anonymous_3)
DA:4,1
DA:8,0
DA:9,0
DA:13,0
DA:17,0
DA:21,0
LF:6
LH:1
BRF:0
BRH:0
end_of_record
TN:
SF:/Users/ringosanchez/Desktop/musicPlayerService/client/src/components/musicPlayer.jsx
FN:273,(anonymous_0)
FN:287,(anonymous_1)
FN:291,(anonymous_2)
FN:293,(anonymous_3)
FN:300,(anonymous_4)
FN:310,(anonymous_5)
FN:315,(anonymous_6)
FN:320,(anonymous_7)
FN:325,(anonymous_8)
FN:329,(anonymous_9)
FN:333,(anonymous_10)
FNF:11
FNH:10
FNDA:15,(anonymous_0)
FNDA:15,(anonymous_1)
FNDA:15,(anonymous_2)
FNDA:0,(anonymous_3)
FNDA:1,(anonymous_4)
FNDA:1,(anonymous_5)
FNDA:1,(anonymous_6)
FNDA:1,(anonymous_7)
FNDA:3,(anonymous_8)
FNDA:1,(anonymous_9)
FNDA:20,(anonymous_10)
DA:7,1
DA:22,1
DA:24,1
DA:30,1
DA:32,1
DA:40,1
DA:42,1
DA:55,1
DA:57,1
DA:64,1
DA:66,1
DA:70,1
DA:72,1
DA:77,1
DA:79,1
DA:84,1
DA:86,1
DA:92,1
DA:94,1
DA:106,1
DA:108,1
DA:115,1
DA:117,1
DA:122,1
DA:124,1
DA:129,1
DA:131,1
DA:144,1
DA:148,1
DA:150,1
DA:157,1
DA:159,1
DA:173,1
DA:175,1
DA:190,1
DA:192,1
DA:200,1
DA:202,1
DA:234,1
DA:236,1
DA:241,1
DA:243,1
DA:249,1
DA:251,1
DA:257,1
DA:259,1
DA:270,1
DA:274,15
DA:275,15
DA:282,15
DA:283,15
DA:284,15
DA:288,15
DA:293,15
DA:294,0
DA:295,0
DA:302,1
DA:303,1
DA:305,0
DA:307,1
DA:312,1
DA:317,1
DA:322,1
DA:326,3
DA:330,1
DA:334,20
DA:348,20
DA:349,19
DA:351,1
DA:353,20
LF:70
LH:67
BRDA:302,0,0,1
BRDA:302,0,1,0
BRDA:334,1,0,3
BRDA:334,1,1,17
BRDA:348,2,0,19
BRDA:348,2,1,1
BRF:6
BRH:5
end_of_record
