TN:
SF:/Users/ringosanchez/Desktop/musicPlayerService/client/src/components/albumModal.jsx
FN:7,(anonymous_0)
FN:12,(anonymous_1)
FN:16,(anonymous_2)
FN:20,(anonymous_3)
FNF:4
FNH:0
FNDA:0,(anonymous_0)
FNDA:0,(anonymous_1)
FNDA:0,(anonymous_2)
FNDA:0,(anonymous_3)
DA:4,1
DA:8,0
DA:9,0
DA:13,0
DA:17,0
DA:21,0
LF:6
LH:1
BRF:0
BRH:0
end_of_record
TN:
SF:/Users/ringosanchez/Desktop/musicPlayerService/client/src/components/musicPlayer.jsx
FN:273,(anonymous_0)
FN:286,(anonymous_1)
FN:290,(anonymous_2)
FN:292,(anonymous_3)
FN:299,(anonymous_4)
FN:309,(anonymous_5)
FN:314,(anonymous_6)
FN:319,(anonymous_7)
FN:324,(anonymous_8)
FN:328,(anonymous_9)
FN:332,(anonymous_10)
FNF:11
FNH:4
FNDA:7,(anonymous_0)
FNDA:7,(anonymous_1)
FNDA:7,(anonymous_2)
FNDA:0,(anonymous_3)
FNDA:0,(anonymous_4)
FNDA:0,(anonymous_5)
FNDA:0,(anonymous_6)
FNDA:0,(anonymous_7)
FNDA:0,(anonymous_8)
FNDA:0,(anonymous_9)
FNDA:7,(anonymous_10)
DA:7,1
DA:22,1
DA:24,1
DA:30,1
DA:32,1
DA:40,1
DA:42,1
DA:55,1
DA:57,1
DA:64,1
DA:66,1
DA:70,1
DA:72,1
DA:77,1
DA:79,1
DA:84,1
DA:86,1
DA:92,1
DA:94,1
DA:106,1
DA:108,1
DA:115,1
DA:117,1
DA:122,1
DA:124,1
DA:129,1
DA:131,1
DA:144,1
DA:148,1
DA:150,1
DA:157,1
DA:159,1
DA:173,1
DA:175,1
DA:190,1
DA:192,1
DA:200,1
DA:202,1
DA:234,1
DA:236,1
DA:241,1
DA:243,1
DA:249,1
DA:251,1
DA:257,1
DA:259,1
DA:270,1
DA:274,7
DA:275,7
DA:281,7
DA:282,7
DA:283,7
DA:287,7
DA:292,7
DA:293,0
DA:294,0
DA:295,0
DA:301,0
DA:302,0
DA:303,0
DA:305,0
DA:311,0
DA:316,0
DA:321,0
DA:325,0
DA:329,0
DA:333,7
DA:347,7
DA:348,7
DA:350,0
DA:352,7
LF:71
LH:58
BRDA:302,0,0,0
BRDA:302,0,1,0
BRDA:333,1,0,0
BRDA:333,1,1,7
BRDA:347,2,0,7
BRDA:347,2,1,0
BRF:6
BRH:2
end_of_record
